# JRE version: OpenJDK Runtime Environment (17.0.10) (build 17.0.10+0--11609105)
# Java VM: OpenJDK 64-Bit Server VM (17.0.10+0--11609105, mixed mode, tiered, compressed oops, compressed class ptrs, g1 gc, windows-amd64)
GC Precious Log:
 CPUs: 8 total, 8 available
 Memory: 14222M
 Large Page Support: Disabled
 NUMA Support: Disabled
 Compressed Oops: Enabled (32-bit)
 Heap Region Size: 1M
 Heap Min Capacity: 8M
 Heap Initial Capacity: 224M
 Heap Max Capacity: 2G
 Pre-touch: Disabled
 Parallel Workers: 8
 Concurrent Workers: 2
 Concurrent Refinement Workers: 8
 Periodic GC: Disabled
Heap:
 garbage-first heap   total 286720K, used 152846K [0x0000000080000000, 0x0000000100000000)
  region size 1024K, 10 young (10240K), 4 survivors (4096K)
 Metaspace       used 138387K, committed 139392K, reserved 1179648K
  class space    used 18711K, committed 19200K, reserved 1048576K
GC Heap History (20 events):
Event: 20.043 GC heap before
{Heap before GC invocations=32 (full 0):
 garbage-first heap   total 162816K, used 141127K [0x0000000080000000, 0x0000000100000000)
  region size 1024K, 45 young (46080K), 3 survivors (3072K)
 Metaspace       used 102517K, committed 103296K, reserved 1179648K
  class space    used 14055K, committed 14400K, reserved 1048576K
}
Event: 20.051 GC heap after
{Heap after GC invocations=33 (full 0):
 garbage-first heap   total 162816K, used 98983K [0x0000000080000000, 0x0000000100000000)
  region size 1024K, 6 young (6144K), 6 survivors (6144K)
 Metaspace       used 102517K, committed 103296K, reserved 1179648K
  class space    used 14055K, committed 14400K, reserved 1048576K
}
Event: 20.780 GC heap before
{Heap before GC invocations=33 (full 0):
 garbage-first heap   total 162816K, used 135847K [0x0000000080000000, 0x0000000100000000)
  region size 1024K, 43 young (44032K), 6 survivors (6144K)
 Metaspace       used 104325K, committed 105024K, reserved 1179648K
  class space    used 14345K, committed 14656K, reserved 1048576K
}
Event: 20.793 GC heap after
{Heap after GC invocations=34 (full 0):
 garbage-first heap   total 162816K, used 104052K [0x0000000080000000, 0x0000000100000000)
  region size 1024K, 5 young (5120K), 5 survivors (5120K)
 Metaspace       used 104325K, committed 105024K, reserved 1179648K
  class space    used 14345K, committed 14656K, reserved 1048576K
}
Event: 21.170 GC heap before
{Heap before GC invocations=34 (full 0):
 garbage-first heap   total 162816K, used 135796K [0x0000000080000000, 0x0000000100000000)
  region size 1024K, 36 young (36864K), 5 survivors (5120K)
 Metaspace       used 104690K, committed 105408K, reserved 1179648K
  class space    used 14414K, committed 14784K, reserved 1048576K
}
Event: 21.177 GC heap after
{Heap after GC invocations=35 (full 0):
 garbage-first heap   total 286720K, used 105692K [0x0000000080000000, 0x0000000100000000)
  region size 1024K, 4 young (4096K), 4 survivors (4096K)
 Metaspace       used 104690K, committed 105408K, reserved 1179648K
  class space    used 14414K, committed 14784K, reserved 1048576K
}
Event: 23.642 GC heap before
{Heap before GC invocations=35 (full 0):
 garbage-first heap   total 286720K, used 254172K [0x0000000080000000, 0x0000000100000000)
  region size 1024K, 131 young (134144K), 4 survivors (4096K)
 Metaspace       used 110051K, committed 110848K, reserved 1179648K
  class space    used 15029K, committed 15424K, reserved 1048576K
}
Event: 23.651 GC heap after
{Heap after GC invocations=36 (full 0):
 garbage-first heap   total 286720K, used 108591K [0x0000000080000000, 0x0000000100000000)
  region size 1024K, 7 young (7168K), 7 survivors (7168K)
 Metaspace       used 110051K, committed 110848K, reserved 1179648K
  class space    used 15029K, committed 15424K, reserved 1048576K
}
Event: 27.824 GC heap before
{Heap before GC invocations=36 (full 0):
 garbage-first heap   total 286720K, used 235567K [0x0000000080000000, 0x0000000100000000)
  region size 1024K, 132 young (135168K), 7 survivors (7168K)
 Metaspace       used 111714K, committed 112512K, reserved 1179648K
  class space    used 15212K, committed 15616K, reserved 1048576K
}
Event: 27.839 GC heap after
{Heap after GC invocations=37 (full 0):
 garbage-first heap   total 286720K, used 116203K [0x0000000080000000, 0x0000000100000000)
  region size 1024K, 15 young (15360K), 15 survivors (15360K)
 Metaspace       used 111714K, committed 112512K, reserved 1179648K
  class space    used 15212K, committed 15616K, reserved 1048576K
}
Event: 30.465 GC heap before
{Heap before GC invocations=37 (full 0):
 garbage-first heap   total 286720K, used 232939K [0x0000000080000000, 0x0000000100000000)
  region size 1024K, 130 young (133120K), 15 survivors (15360K)
 Metaspace       used 115388K, committed 116160K, reserved 1179648K
  class space    used 15637K, committed 16000K, reserved 1048576K
}
Event: 30.480 GC heap after
{Heap after GC invocations=38 (full 0):
 garbage-first heap   total 286720K, used 120638K [0x0000000080000000, 0x0000000100000000)
  region size 1024K, 7 young (7168K), 7 survivors (7168K)
 Metaspace       used 115388K, committed 116160K, reserved 1179648K
  class space    used 15637K, committed 16000K, reserved 1048576K
}
Event: 77.787 GC heap before
{Heap before GC invocations=38 (full 0):
 garbage-first heap   total 286720K, used 234302K [0x0000000080000000, 0x0000000100000000)
  region size 1024K, 119 young (121856K), 7 survivors (7168K)
 Metaspace       used 122561K, committed 123392K, reserved 1179648K
  class space    used 16411K, committed 16832K, reserved 1048576K
}
Event: 77.799 GC heap after
{Heap after GC invocations=39 (full 0):
 garbage-first heap   total 286720K, used 125912K [0x0000000080000000, 0x0000000100000000)
  region size 1024K, 12 young (12288K), 12 survivors (12288K)
 Metaspace       used 122561K, committed 123392K, reserved 1179648K
  class space    used 16411K, committed 16832K, reserved 1048576K
}
Event: 82.461 GC heap before
{Heap before GC invocations=39 (full 0):
 garbage-first heap   total 286720K, used 255960K [0x0000000080000000, 0x0000000100000000)
  region size 1024K, 121 young (123904K), 12 survivors (12288K)
 Metaspace       used 123042K, committed 123904K, reserved 1179648K
  class space    used 16421K, committed 16832K, reserved 1048576K
}
Event: 82.481 GC heap after
{Heap after GC invocations=40 (full 0):
 garbage-first heap   total 286720K, used 135729K [0x0000000080000000, 0x0000000100000000)
  region size 1024K, 16 young (16384K), 16 survivors (16384K)
 Metaspace       used 123042K, committed 123904K, reserved 1179648K
  class space    used 16421K, committed 16832K, reserved 1048576K
}
Event: 88.928 GC heap before
{Heap before GC invocations=40 (full 0):
 garbage-first heap   total 286720K, used 237105K [0x0000000080000000, 0x0000000100000000)
  region size 1024K, 114 young (116736K), 16 survivors (16384K)
 Metaspace       used 129481K, committed 130432K, reserved 1179648K
  class space    used 17350K, committed 17856K, reserved 1048576K
}
Event: 88.953 GC heap after
{Heap after GC invocations=41 (full 0):
 garbage-first heap   total 286720K, used 143850K [0x0000000080000000, 0x0000000100000000)
  region size 1024K, 11 young (11264K), 11 survivors (11264K)
 Metaspace       used 129481K, committed 130432K, reserved 1179648K
  class space    used 17350K, committed 17856K, reserved 1048576K
}
Event: 91.529 GC heap before
{Heap before GC invocations=41 (full 0):
 garbage-first heap   total 286720K, used 233962K [0x0000000080000000, 0x0000000100000000)
  region size 1024K, 100 young (102400K), 11 survivors (11264K)
 Metaspace       used 138023K, committed 138944K, reserved 1179648K
  class space    used 18677K, committed 19136K, reserved 1048576K
}
Event: 91.546 GC heap after
{Heap after GC invocations=42 (full 0):
 garbage-first heap   total 286720K, used 147726K [0x0000000080000000, 0x0000000100000000)
  region size 1024K, 4 young (4096K), 4 survivors (4096K)
 Metaspace       used 138023K, committed 138944K, reserved 1179648K
  class space    used 18677K, committed 19136K, reserved 1048576K
}

