# JRE version: OpenJDK Runtime Environment (17.0.10) (build 17.0.10+0--11609105)
# Java VM: OpenJDK 64-Bit Server VM (17.0.10+0--11609105, mixed mode, tiered, compressed oops, compressed class ptrs, g1 gc, windows-amd64)
GC Precious Log:
 CPUs: 8 total, 8 available
 Memory: 14222M
 Large Page Support: Disabled
 NUMA Support: Disabled
 Compressed Oops: Enabled (32-bit)
 Heap Region Size: 1M
 Heap Min Capacity: 8M
 Heap Initial Capacity: 224M
 Heap Max Capacity: 2G
 Pre-touch: Disabled
 Parallel Workers: 8
 Concurrent Workers: 2
 Concurrent Refinement Workers: 8
 Periodic GC: Disabled
Heap:
 garbage-first heap   total 348160K, used 164893K [0x0000000080000000, 0x0000000100000000)
  region size 1024K, 7 young (7168K), 7 survivors (7168K)
 Metaspace       used 148532K, committed 149568K, reserved 1179648K
  class space    used 19908K, committed 20480K, reserved 1048576K
GC Heap History (20 events):
Event: 605.677 GC heap after
{Heap after GC invocations=60 (full 0):
 garbage-first heap   total 336896K, used 150228K [0x0000000080000000, 0x0000000100000000)
  region size 1024K, 9 young (9216K), 9 survivors (9216K)
 Metaspace       used 140650K, committed 141824K, reserved 1179648K
  class space    used 19166K, committed 19712K, reserved 1048576K
}
Event: 608.360 GC heap before
{Heap before GC invocations=61 (full 0):
 garbage-first heap   total 336896K, used 302804K [0x0000000080000000, 0x0000000100000000)
  region size 1024K, 132 young (135168K), 9 survivors (9216K)
 Metaspace       used 146305K, committed 147456K, reserved 1179648K
  class space    used 19837K, committed 20416K, reserved 1048576K
}
Event: 608.375 GC heap after
{Heap after GC invocations=62 (full 0):
 garbage-first heap   total 336896K, used 152011K [0x0000000080000000, 0x0000000100000000)
  region size 1024K, 15 young (15360K), 15 survivors (15360K)
 Metaspace       used 146305K, committed 147456K, reserved 1179648K
  class space    used 19837K, committed 20416K, reserved 1048576K
}
Event: 608.400 GC heap before
{Heap before GC invocations=62 (full 0):
 garbage-first heap   total 336896K, used 153035K [0x0000000080000000, 0x0000000100000000)
  region size 1024K, 16 young (16384K), 15 survivors (15360K)
 Metaspace       used 146396K, committed 147584K, reserved 1179648K
  class space    used 19846K, committed 20416K, reserved 1048576K
}
Event: 608.413 GC heap after
{Heap after GC invocations=63 (full 0):
 garbage-first heap   total 336896K, used 147226K [0x0000000080000000, 0x0000000100000000)
  region size 1024K, 2 young (2048K), 2 survivors (2048K)
 Metaspace       used 146396K, committed 147584K, reserved 1179648K
  class space    used 19846K, committed 20416K, reserved 1048576K
}
Event: 611.492 GC heap before
{Heap before GC invocations=63 (full 0):
 garbage-first heap   total 336896K, used 195354K [0x0000000080000000, 0x0000000100000000)
  region size 1024K, 51 young (52224K), 2 survivors (2048K)
 Metaspace       used 146555K, committed 147776K, reserved 1179648K
  class space    used 19860K, committed 20480K, reserved 1048576K
}
Event: 611.495 GC heap after
{Heap after GC invocations=64 (full 0):
 garbage-first heap   total 336896K, used 146971K [0x0000000080000000, 0x0000000100000000)
  region size 1024K, 2 young (2048K), 2 survivors (2048K)
 Metaspace       used 146555K, committed 147776K, reserved 1179648K
  class space    used 19860K, committed 20480K, reserved 1048576K
}
Event: 2596.290 GC heap before
{Heap before GC invocations=65 (full 0):
 garbage-first heap   total 336896K, used 305691K [0x0000000080000000, 0x0000000100000000)
  region size 1024K, 132 young (135168K), 2 survivors (2048K)
 Metaspace       used 147026K, committed 148224K, reserved 1179648K
  class space    used 19876K, committed 20480K, reserved 1048576K
}
Event: 2596.306 GC heap after
{Heap after GC invocations=66 (full 0):
 garbage-first heap   total 336896K, used 160246K [0x0000000080000000, 0x0000000100000000)
  region size 1024K, 17 young (17408K), 17 survivors (17408K)
 Metaspace       used 147026K, committed 148224K, reserved 1179648K
  class space    used 19876K, committed 20480K, reserved 1048576K
}
Event: 2596.320 GC heap before
{Heap before GC invocations=66 (full 0):
 garbage-first heap   total 336896K, used 160246K [0x0000000080000000, 0x0000000100000000)
  region size 1024K, 18 young (18432K), 17 survivors (17408K)
 Metaspace       used 147028K, committed 148224K, reserved 1179648K
  class space    used 19876K, committed 20480K, reserved 1048576K
}
Event: 2596.343 GC heap after
{Heap after GC invocations=67 (full 0):
 garbage-first heap   total 336896K, used 155283K [0x0000000080000000, 0x0000000100000000)
  region size 1024K, 3 young (3072K), 3 survivors (3072K)
 Metaspace       used 147028K, committed 148224K, reserved 1179648K
  class space    used 19876K, committed 20480K, reserved 1048576K
}
Event: 2596.679 GC heap before
{Heap before GC invocations=67 (full 0):
 garbage-first heap   total 336896K, used 193171K [0x0000000080000000, 0x0000000100000000)
  region size 1024K, 42 young (43008K), 3 survivors (3072K)
 Metaspace       used 147078K, committed 148288K, reserved 1179648K
  class space    used 19877K, committed 20480K, reserved 1048576K
}
Event: 2596.693 GC heap after
{Heap after GC invocations=68 (full 0):
 garbage-first heap   total 336896K, used 176128K [0x0000000080000000, 0x0000000100000000)
  region size 1024K, 15 young (15360K), 15 survivors (15360K)
 Metaspace       used 147078K, committed 148288K, reserved 1179648K
  class space    used 19877K, committed 20480K, reserved 1048576K
}
Event: 2599.528 GC heap before
{Heap before GC invocations=69 (full 0):
 garbage-first heap   total 348160K, used 269312K [0x0000000080000000, 0x0000000100000000)
  region size 1024K, 79 young (80896K), 15 survivors (15360K)
 Metaspace       used 146213K, committed 148288K, reserved 1179648K
  class space    used 19677K, committed 20480K, reserved 1048576K
}
Event: 2599.544 GC heap after
{Heap after GC invocations=70 (full 0):
 garbage-first heap   total 348160K, used 186668K [0x0000000080000000, 0x0000000100000000)
  region size 1024K, 10 young (10240K), 10 survivors (10240K)
 Metaspace       used 146213K, committed 148288K, reserved 1179648K
  class space    used 19677K, committed 20480K, reserved 1048576K
}
Event: 2599.564 GC heap before
{Heap before GC invocations=70 (full 0):
 garbage-first heap   total 348160K, used 192812K [0x0000000080000000, 0x0000000100000000)
  region size 1024K, 17 young (17408K), 10 survivors (10240K)
 Metaspace       used 146216K, committed 148288K, reserved 1179648K
  class space    used 19677K, committed 20480K, reserved 1048576K
}
Event: 2599.581 GC heap after
{Heap after GC invocations=71 (full 0):
 garbage-first heap   total 348160K, used 162816K [0x0000000080000000, 0x0000000100000000)
  region size 1024K, 1 young (1024K), 1 survivors (1024K)
 Metaspace       used 146216K, committed 148288K, reserved 1179648K
  class space    used 19677K, committed 20480K, reserved 1048576K
}
Event: 2599.966 GC heap before
{Heap before GC invocations=71 (full 0):
 garbage-first heap   total 348160K, used 178176K [0x0000000080000000, 0x0000000100000000)
  region size 1024K, 17 young (17408K), 1 survivors (1024K)
 Metaspace       used 146370K, committed 148288K, reserved 1179648K
  class space    used 19678K, committed 20480K, reserved 1048576K
}
Event: 2599.981 GC heap after
{Heap after GC invocations=72 (full 0):
 garbage-first heap   total 348160K, used 160300K [0x0000000080000000, 0x0000000100000000)
  region size 1024K, 3 young (3072K), 3 survivors (3072K)
 Metaspace       used 146370K, committed 148288K, reserved 1179648K
  class space    used 19678K, committed 20480K, reserved 1048576K
}
Event: 2604.714 GC heap before
{Heap before GC invocations=72 (full 0):
 garbage-first heap   total 348160K, used 246316K [0x0000000080000000, 0x0000000100000000)
  region size 1024K, 88 young (90112K), 3 survivors (3072K)
 Metaspace       used 148532K, committed 149568K, reserved 1179648K
  class space    used 19908K, committed 20480K, reserved 1048576K
}

